Arguments: 
  /usr/local/Cellar/node/9.11.1/bin/node /usr/local/Cellar/yarn/1.5.1_1/libexec/bin/yarn.js webpack-dev-server .

PATH: 
  /usr/local/opt/opencv@2/bin:/usr/local/bin:/usr/bin:/bin:/usr/sbin:/sbin

Yarn version: 
  1.5.1

Node version: 
  9.11.1

Platform: 
  darwin x64

npm manifest: 
  {
    "name": "huntinglocator",
    "version": "1.0.0",
    "description": "",
    "dependencies": {
      "gulp": "^3.9.1",
      "gulp-autoprefixer": "^0.0.8",
      "gulp-concat": "^2.3.4",
      "gulp-jshint": "^1.8.4",
      "gulp-minify-css": "^0.3.7",
      "gulp-notify": "^1.4.2",
      "gulp-rename": "^1.2.0",
      "gulp-uglify": "^0.3.1",
      "mapbox-gl": "^0.48.0",
      "node-sass": "^4.9.3"
    },
    "devDependencies": {
      "concurrently": "^3.6.1",
      "css-loader": "^1.0.0",
      "eslint": "^4.19.1",
      "eslint-config-airbnb": "^17.0.0",
      "eslint-plugin-import": "^2.13.0",
      "eslint-plugin-jsx-a11y": "^6.1.1",
      "eslint-plugin-react": "^7.10.0",
      "file-loader": "^2.0.0",
      "gulp-sass": "^2.0.4",
      "gulp-uglify": "^0.3.2",
      "html-loader": "^0.5.5",
      "livereload": "^0.7.0",
      "sass-loader": "^7.1.0",
      "source-map-loader": "^0.2.4",
      "style-loader": "^0.22.1",
      "url-loader": "^1.1.1",
      "webpack": "^4.16.5",
      "webpack-cli": "^3.1.0",
      "webpack-dev-server": "^3.1.5",
      "webpack-livereload-plugin": "^2.1.1"
    },
    "scripts": {
      "test": "echo \"Error: no test specified\" && exit 1",
      "build": "webpack",
      "watch": "webpack --watch"
    }
  }

yarn manifest: 
  No manifest

Lockfile: 
  No lockfile

Trace: 
  Error: Command "webpack-dev-server" not found.
      at new MessageError (/usr/local/Cellar/yarn/1.5.1_1/libexec/lib/cli.js:186:110)
      at /usr/local/Cellar/yarn/1.5.1_1/libexec/lib/cli.js:87307:17
      at Generator.next (<anonymous>)
      at step (/usr/local/Cellar/yarn/1.5.1_1/libexec/lib/cli.js:98:30)
      at /usr/local/Cellar/yarn/1.5.1_1/libexec/lib/cli.js:116:14
      at new Promise (<anonymous>)
      at new F (/usr/local/Cellar/yarn/1.5.1_1/libexec/lib/cli.js:23451:28)
      at /usr/local/Cellar/yarn/1.5.1_1/libexec/lib/cli.js:95:12
      at runCommand (/usr/local/Cellar/yarn/1.5.1_1/libexec/lib/cli.js:87312:22)
      at Object.<anonymous> (/usr/local/Cellar/yarn/1.5.1_1/libexec/lib/cli.js:87412:14)
